[2021-05-18T20:39:53.966] [INFO] app - Listening on port 80
[2021-05-18T20:46:05.156] [INFO] app - Listening on port 80
[2021-05-18T20:46:12.593] [ERROR] errorHandler - Exception occured ValidationError [JsonSchemaValidationError]
    at C:\Users\benja\OneDrive\Dokumente\Eigene Dokumente\Studium\Webengineering\Übungen\Übung 8\node_modules\express-json-validator-middleware\src\index.js:61:10
    at Layer.handle [as handle_request] (C:\Users\benja\OneDrive\Dokumente\Eigene Dokumente\Studium\Webengineering\Übungen\Übung 8\node_modules\express\lib\router\layer.js:95:5)
    at next (C:\Users\benja\OneDrive\Dokumente\Eigene Dokumente\Studium\Webengineering\Übungen\Übung 8\node_modules\express\lib\router\route.js:137:13)
    at next (C:\Users\benja\OneDrive\Dokumente\Eigene Dokumente\Studium\Webengineering\Übungen\Übung 8\node_modules\express\lib\router\route.js:131:14)
    at Route.dispatch (C:\Users\benja\OneDrive\Dokumente\Eigene Dokumente\Studium\Webengineering\Übungen\Übung 8\node_modules\express\lib\router\route.js:112:3)
    at Layer.handle [as handle_request] (C:\Users\benja\OneDrive\Dokumente\Eigene Dokumente\Studium\Webengineering\Übungen\Übung 8\node_modules\express\lib\router\layer.js:95:5)
    at C:\Users\benja\OneDrive\Dokumente\Eigene Dokumente\Studium\Webengineering\Übungen\Übung 8\node_modules\express\lib\router\index.js:281:22
    at Function.process_params (C:\Users\benja\OneDrive\Dokumente\Eigene Dokumente\Studium\Webengineering\Übungen\Übung 8\node_modules\express\lib\router\index.js:335:12)
    at next (C:\Users\benja\OneDrive\Dokumente\Eigene Dokumente\Studium\Webengineering\Übungen\Übung 8\node_modules\express\lib\router\index.js:275:10)
    at jsonParser (C:\Users\benja\OneDrive\Dokumente\Eigene Dokumente\Studium\Webengineering\Übungen\Übung 8\node_modules\body-parser\lib\types\json.js:119:7) {
  validationErrors: { body: [ [Object] ] }
}
[2021-05-18T20:46:40.263] [INFO] app - Listening on port 80
[2021-05-18T20:46:45.940] [ERROR] errorHandler - ValidationError [JsonSchemaValidationError]
    at C:\Users\benja\OneDrive\Dokumente\Eigene Dokumente\Studium\Webengineering\Übungen\Übung 8\node_modules\express-json-validator-middleware\src\index.js:61:10
    at Layer.handle [as handle_request] (C:\Users\benja\OneDrive\Dokumente\Eigene Dokumente\Studium\Webengineering\Übungen\Übung 8\node_modules\express\lib\router\layer.js:95:5)
    at next (C:\Users\benja\OneDrive\Dokumente\Eigene Dokumente\Studium\Webengineering\Übungen\Übung 8\node_modules\express\lib\router\route.js:137:13)
    at next (C:\Users\benja\OneDrive\Dokumente\Eigene Dokumente\Studium\Webengineering\Übungen\Übung 8\node_modules\express\lib\router\route.js:131:14)
    at Route.dispatch (C:\Users\benja\OneDrive\Dokumente\Eigene Dokumente\Studium\Webengineering\Übungen\Übung 8\node_modules\express\lib\router\route.js:112:3)
    at Layer.handle [as handle_request] (C:\Users\benja\OneDrive\Dokumente\Eigene Dokumente\Studium\Webengineering\Übungen\Übung 8\node_modules\express\lib\router\layer.js:95:5)
    at C:\Users\benja\OneDrive\Dokumente\Eigene Dokumente\Studium\Webengineering\Übungen\Übung 8\node_modules\express\lib\router\index.js:281:22
    at Function.process_params (C:\Users\benja\OneDrive\Dokumente\Eigene Dokumente\Studium\Webengineering\Übungen\Übung 8\node_modules\express\lib\router\index.js:335:12)
    at next (C:\Users\benja\OneDrive\Dokumente\Eigene Dokumente\Studium\Webengineering\Übungen\Übung 8\node_modules\express\lib\router\index.js:275:10)
    at jsonParser (C:\Users\benja\OneDrive\Dokumente\Eigene Dokumente\Studium\Webengineering\Übungen\Übung 8\node_modules\body-parser\lib\types\json.js:119:7) {
  validationErrors: { body: [ [Object] ] }
}
[2021-05-18T20:48:52.090] [INFO] app - Listening on port 80
[2021-05-18T20:49:50.684] [ERROR] errorHandler - ValidationError [JsonSchemaValidationError]
    at C:\Users\benja\OneDrive\Dokumente\Eigene Dokumente\Studium\Webengineering\Übungen\Übung 8\node_modules\express-json-validator-middleware\src\index.js:61:10
    at Layer.handle [as handle_request] (C:\Users\benja\OneDrive\Dokumente\Eigene Dokumente\Studium\Webengineering\Übungen\Übung 8\node_modules\express\lib\router\layer.js:95:5)
    at next (C:\Users\benja\OneDrive\Dokumente\Eigene Dokumente\Studium\Webengineering\Übungen\Übung 8\node_modules\express\lib\router\route.js:137:13)
    at next (C:\Users\benja\OneDrive\Dokumente\Eigene Dokumente\Studium\Webengineering\Übungen\Übung 8\node_modules\express\lib\router\route.js:131:14)
    at Route.dispatch (C:\Users\benja\OneDrive\Dokumente\Eigene Dokumente\Studium\Webengineering\Übungen\Übung 8\node_modules\express\lib\router\route.js:112:3)
    at Layer.handle [as handle_request] (C:\Users\benja\OneDrive\Dokumente\Eigene Dokumente\Studium\Webengineering\Übungen\Übung 8\node_modules\express\lib\router\layer.js:95:5)
    at C:\Users\benja\OneDrive\Dokumente\Eigene Dokumente\Studium\Webengineering\Übungen\Übung 8\node_modules\express\lib\router\index.js:281:22
    at Function.process_params (C:\Users\benja\OneDrive\Dokumente\Eigene Dokumente\Studium\Webengineering\Übungen\Übung 8\node_modules\express\lib\router\index.js:335:12)
    at next (C:\Users\benja\OneDrive\Dokumente\Eigene Dokumente\Studium\Webengineering\Übungen\Übung 8\node_modules\express\lib\router\index.js:275:10)
    at C:\Users\benja\OneDrive\Dokumente\Eigene Dokumente\Studium\Webengineering\Übungen\Übung 8\node_modules\body-parser\lib\read.js:130:5 {
  validationErrors: { body: [ [Object] ] }
}
[2021-05-18T20:50:06.016] [INFO] app - Listening on port 80
[2021-05-18T20:50:39.569] [ERROR] errorHandler - ValidationError [JsonSchemaValidationError]
    at C:\Users\benja\OneDrive\Dokumente\Eigene Dokumente\Studium\Webengineering\Übungen\Übung 8\node_modules\express-json-validator-middleware\src\index.js:61:10
    at Layer.handle [as handle_request] (C:\Users\benja\OneDrive\Dokumente\Eigene Dokumente\Studium\Webengineering\Übungen\Übung 8\node_modules\express\lib\router\layer.js:95:5)
    at next (C:\Users\benja\OneDrive\Dokumente\Eigene Dokumente\Studium\Webengineering\Übungen\Übung 8\node_modules\express\lib\router\route.js:137:13)
    at next (C:\Users\benja\OneDrive\Dokumente\Eigene Dokumente\Studium\Webengineering\Übungen\Übung 8\node_modules\express\lib\router\route.js:131:14)
    at Route.dispatch (C:\Users\benja\OneDrive\Dokumente\Eigene Dokumente\Studium\Webengineering\Übungen\Übung 8\node_modules\express\lib\router\route.js:112:3)
    at Layer.handle [as handle_request] (C:\Users\benja\OneDrive\Dokumente\Eigene Dokumente\Studium\Webengineering\Übungen\Übung 8\node_modules\express\lib\router\layer.js:95:5)
    at C:\Users\benja\OneDrive\Dokumente\Eigene Dokumente\Studium\Webengineering\Übungen\Übung 8\node_modules\express\lib\router\index.js:281:22
    at Function.process_params (C:\Users\benja\OneDrive\Dokumente\Eigene Dokumente\Studium\Webengineering\Übungen\Übung 8\node_modules\express\lib\router\index.js:335:12)
    at next (C:\Users\benja\OneDrive\Dokumente\Eigene Dokumente\Studium\Webengineering\Übungen\Übung 8\node_modules\express\lib\router\index.js:275:10)
    at C:\Users\benja\OneDrive\Dokumente\Eigene Dokumente\Studium\Webengineering\Übungen\Übung 8\node_modules\body-parser\lib\read.js:130:5 {
  validationErrors: { body: [ [Object], [Object] ] }
}
[2021-05-18T20:51:22.866] [INFO] app - Listening on port 80
[2021-05-18T20:51:24.812] [ERROR] errorHandler - ValidationError [JsonSchemaValidationError]
    at C:\Users\benja\OneDrive\Dokumente\Eigene Dokumente\Studium\Webengineering\Übungen\Übung 8\node_modules\express-json-validator-middleware\src\index.js:61:10
    at Layer.handle [as handle_request] (C:\Users\benja\OneDrive\Dokumente\Eigene Dokumente\Studium\Webengineering\Übungen\Übung 8\node_modules\express\lib\router\layer.js:95:5)
    at next (C:\Users\benja\OneDrive\Dokumente\Eigene Dokumente\Studium\Webengineering\Übungen\Übung 8\node_modules\express\lib\router\route.js:137:13)
    at next (C:\Users\benja\OneDrive\Dokumente\Eigene Dokumente\Studium\Webengineering\Übungen\Übung 8\node_modules\express\lib\router\route.js:131:14)
    at Route.dispatch (C:\Users\benja\OneDrive\Dokumente\Eigene Dokumente\Studium\Webengineering\Übungen\Übung 8\node_modules\express\lib\router\route.js:112:3)
    at Layer.handle [as handle_request] (C:\Users\benja\OneDrive\Dokumente\Eigene Dokumente\Studium\Webengineering\Übungen\Übung 8\node_modules\express\lib\router\layer.js:95:5)
    at C:\Users\benja\OneDrive\Dokumente\Eigene Dokumente\Studium\Webengineering\Übungen\Übung 8\node_modules\express\lib\router\index.js:281:22
    at Function.process_params (C:\Users\benja\OneDrive\Dokumente\Eigene Dokumente\Studium\Webengineering\Übungen\Übung 8\node_modules\express\lib\router\index.js:335:12)
    at next (C:\Users\benja\OneDrive\Dokumente\Eigene Dokumente\Studium\Webengineering\Übungen\Übung 8\node_modules\express\lib\router\index.js:275:10)
    at C:\Users\benja\OneDrive\Dokumente\Eigene Dokumente\Studium\Webengineering\Übungen\Übung 8\node_modules\body-parser\lib\read.js:130:5 {
  validationErrors: { body: [ [Object], [Object] ] }
}
[2021-05-18T20:51:24.815] [INFO] errorHandler - {
  body: [
    {
      keyword: 'additionalProperties',
      dataPath: '',
      schemaPath: '#/additionalProperties',
      params: [Object],
      message: 'should NOT have additional properties'
    },
    {
      keyword: 'additionalProperties',
      dataPath: '',
      schemaPath: '#/additionalProperties',
      params: [Object],
      message: 'should NOT have additional properties'
    }
  ]
}
[2021-05-18T20:52:25.307] [INFO] app - Listening on port 80
[2021-05-18T20:54:28.990] [INFO] app - Listening on port 80
[2021-05-18T20:55:17.212] [INFO] app - Listening on port 80
[2021-05-18T20:55:40.636] [INFO] app - Listening on port 80
[2021-05-18T20:57:10.836] [INFO] app - Listening on port 80
[2021-05-18T20:57:32.730] [INFO] app - Listening on port 80
[2021-05-18T20:59:57.354] [INFO] app - Listening on port 80
[2021-05-18T21:02:43.881] [INFO] app - Listening on port 80
[2021-05-18T21:05:30.412] [INFO] app - Listening on port 80
[2021-05-18T21:07:02.530] [INFO] app - Listening on port 80
[2021-05-18T21:08:13.403] [INFO] app - Listening on port 80
[2021-05-18T21:18:35.991] [INFO] app - Listening on port 80
[2021-05-18T21:20:32.253] [INFO] app - Listening on port 80
[2021-05-18T21:21:03.363] [INFO] app - Listening on port 80
[2021-05-18T21:23:20.031] [INFO] app - Listening on port 80
[2021-05-18T21:23:30.554] [ERROR] errorHandler - SyntaxError: Unexpected token d in JSON at position 50
    at JSON.parse (<anonymous>)
    at parse (C:\Users\benja\OneDrive\Dokumente\Eigene Dokumente\Studium\Webengineering\Übungen\Übung 8\node_modules\body-parser\lib\types\json.js:89:19)
    at C:\Users\benja\OneDrive\Dokumente\Eigene Dokumente\Studium\Webengineering\Übungen\Übung 8\node_modules\body-parser\lib\read.js:121:18
    at invokeCallback (C:\Users\benja\OneDrive\Dokumente\Eigene Dokumente\Studium\Webengineering\Übungen\Übung 8\node_modules\raw-body\index.js:224:16)
    at done (C:\Users\benja\OneDrive\Dokumente\Eigene Dokumente\Studium\Webengineering\Übungen\Übung 8\node_modules\raw-body\index.js:213:7)
    at IncomingMessage.onEnd (C:\Users\benja\OneDrive\Dokumente\Eigene Dokumente\Studium\Webengineering\Übungen\Übung 8\node_modules\raw-body\index.js:273:7)
    at IncomingMessage.emit (events.js:327:22)
    at endReadableNT (internal/streams/readable.js:1327:12)
    at processTicksAndRejections (internal/process/task_queues.js:80:21) {
  expose: true,
  statusCode: 400,
  status: 400,
  body: '{\r\n"description": "I want to cook a cake today"\r\n}dd',
  type: 'entity.parse.failed'
}
[2021-05-18T21:26:57.004] [INFO] app - Listening on port 80
[2021-05-18T21:28:28.183] [INFO] app - Listening on port 80
[2021-05-18T21:28:29.327] [ERROR] errorHandler - Unexpected token } in JSON at position 50
[2021-05-18T21:28:56.599] [INFO] app - Listening on port 80
[2021-05-18T21:28:59.866] [ERROR] errorHandler - 
[2021-05-18T21:29:15.594] [INFO] app - Listening on port 80
[2021-05-18T21:29:47.276] [INFO] app - Listening on port 80
[2021-05-18T21:29:48.876] [ERROR] errorHandler - Invalid JSON body
[2021-05-18T21:30:05.854] [ERROR] errorHandler - Malformed JSON body: Unexpected token d in JSON at position 50
[2021-05-18T21:31:37.969] [INFO] app - Listening on port 80
[2021-05-18T21:31:44.845] [INFO] app - Listening on port 80
[2021-05-18T21:31:46.306] [ERROR] errorHandler - Malformed JSON body: Unexpected token d in JSON at position 50
[2021-05-18T21:31:55.143] [ERROR] errorHandler - Malformed JSON body: Unexpected token d in JSON at position 50
[2021-05-18T21:32:23.022] [ERROR] errorHandler - Invalid JSON body
[2021-05-18T21:33:12.594] [ERROR] errorHandler - Invalid JSON body
[2021-05-18T21:34:16.246] [ERROR] errorHandler - Invalid JSON body
[2021-05-18T21:40:08.179] [INFO] app - Listening on port 80
[2021-05-18T21:42:48.322] [INFO] app - Listening on port 80
[2021-05-18T21:58:39.467] [INFO] app - Listening on port 80
[2021-05-18T21:59:32.792] [INFO] app - Listening on port 80
[2021-05-18T22:00:12.961] [INFO] app - Listening on port 80
[2021-05-18T22:01:01.905] [ERROR] errorHandler - Malformed JSON body: Unexpected token  in JSON at position 33
[2021-05-18T22:01:12.240] [ERROR] errorHandler - Malformed JSON body: Unexpected token  in JSON at position 33
[2021-05-18T22:01:18.821] [ERROR] errorHandler - Malformed JSON body: Unexpected token s in JSON at position 37
[2021-05-18T22:01:21.167] [ERROR] errorHandler - Malformed JSON body: Unexpected token \ in JSON at position 37
[2021-05-31T21:40:09.292] [INFO] app - Listening on port 80
[2021-05-31T21:41:47.144] [INFO] app - Listening on port 80
[2021-05-31T21:45:09.494] [ERROR] errorHandler - Invalid JSON body
[2021-05-31T21:45:36.298] [ERROR] errorHandler - Invalid JSON body
[2021-05-31T21:45:47.930] [ERROR] errorHandler - Invalid JSON body
[2021-05-31T21:46:11.720] [ERROR] errorHandler - Invalid JSON body
[2021-05-31T21:48:31.225] [ERROR] errorHandler - Malformed JSON body: Unexpected token } in JSON at position 34
[2021-05-31T21:49:52.445] [ERROR] errorHandler - Invalid JSON body
[2021-05-31T21:51:31.175] [ERROR] errorHandler - TypeError: Cannot read property 'description' of null
    at C:\Users\benja\OneDrive\Dokumente\Eigene Dokumente\Studium\Webengineering\Übungen\Übung 8\routes\todos.js:57:67
    at Layer.handle [as handle_request] (C:\Users\benja\OneDrive\Dokumente\Eigene Dokumente\Studium\Webengineering\Übungen\Übung 8\node_modules\express\lib\router\layer.js:95:5)
    at next (C:\Users\benja\OneDrive\Dokumente\Eigene Dokumente\Studium\Webengineering\Übungen\Übung 8\node_modules\express\lib\router\route.js:137:13)
    at C:\Users\benja\OneDrive\Dokumente\Eigene Dokumente\Studium\Webengineering\Übungen\Übung 8\node_modules\express-json-validator-middleware\src\index.js:63:5
    at Layer.handle [as handle_request] (C:\Users\benja\OneDrive\Dokumente\Eigene Dokumente\Studium\Webengineering\Übungen\Übung 8\node_modules\express\lib\router\layer.js:95:5)
    at next (C:\Users\benja\OneDrive\Dokumente\Eigene Dokumente\Studium\Webengineering\Übungen\Übung 8\node_modules\express\lib\router\route.js:137:13)
    at validationErrorHandler (C:\Users\benja\OneDrive\Dokumente\Eigene Dokumente\Studium\Webengineering\Übungen\Übung 8\middlewares\errorHandler.js:26:9)
    at Layer.handle [as handle_request] (C:\Users\benja\OneDrive\Dokumente\Eigene Dokumente\Studium\Webengineering\Übungen\Übung 8\node_modules\express\lib\router\layer.js:95:5)
    at next (C:\Users\benja\OneDrive\Dokumente\Eigene Dokumente\Studium\Webengineering\Übungen\Übung 8\node_modules\express\lib\router\route.js:137:13)
    at middleware (C:\Users\benja\OneDrive\Dokumente\Eigene Dokumente\Studium\Webengineering\Übungen\Übung 8\node_modules\express-validator\src\middlewares\check.js:16:13)
[2021-05-31T21:52:37.632] [INFO] app - Listening on port 80
[2021-06-01T15:33:19.070] [INFO] app - Listening on port 1001
[2021-06-01T15:58:56.030] [INFO] app - Listening on port 1001
[2021-06-01T15:59:22.747] [INFO] app - Listening on port 1001
[2021-06-01T16:00:45.261] [INFO] app - Listening on port 1001
[2021-06-01T16:01:20.231] [INFO] app - Listening on port 1001
[2021-06-01T16:01:26.053] [INFO] app - Listening on port 1001
[2021-06-01T16:01:32.049] [INFO] app - Listening on port 1001
[2021-06-01T16:10:29.052] [INFO] app - Listening on port 1001
[2021-06-01T16:38:21.780] [INFO] app - Listening on port 1001
[2021-06-01T16:38:35.759] [ERROR] errorHandler - Invalid JSON body
[2021-06-01T16:48:22.580] [ERROR] errorHandler - Invalid JSON body
[2021-06-01T16:51:23.996] [ERROR] errorHandler - Invalid JSON body
[2021-06-01T16:52:08.280] [ERROR] errorHandler - Invalid JSON body
[2021-06-01T16:52:28.011] [ERROR] errorHandler - Invalid JSON body
[2021-06-01T16:52:41.959] [ERROR] errorHandler - Invalid JSON body
[2021-06-01T16:52:51.620] [ERROR] errorHandler - Invalid JSON body
[2021-06-01T16:52:57.354] [ERROR] errorHandler - Invalid JSON body
[2021-06-01T16:53:48.935] [ERROR] errorHandler - Invalid JSON body
[2021-06-01T16:53:55.368] [ERROR] errorHandler - Invalid JSON body
[2021-06-01T16:54:07.010] [ERROR] errorHandler - Invalid JSON body
[2021-06-01T16:56:00.752] [ERROR] errorHandler - Invalid JSON body
[2021-06-01T16:56:08.839] [ERROR] errorHandler - Invalid JSON body
[2021-06-01T16:56:39.599] [ERROR] errorHandler - Invalid JSON body
[2021-06-01T16:58:06.590] [ERROR] errorHandler - Invalid JSON body
[2021-06-01T16:59:56.571] [ERROR] errorHandler - Invalid JSON body
[2021-06-01T17:00:01.157] [ERROR] errorHandler - Invalid JSON body
[2021-06-01T17:20:48.935] [ERROR] errorHandler - Invalid JSON body
[2021-06-01T17:21:02.256] [ERROR] errorHandler - Invalid JSON body
[2021-06-01T18:22:04.784] [ERROR] errorHandler - Invalid JSON body
[2021-06-01T18:22:12.598] [ERROR] errorHandler - Invalid JSON body
[2021-06-01T18:53:15.176] [ERROR] errorHandler - Invalid JSON body
[2021-06-01T18:59:20.971] [INFO] app - Listening on port 1001
[2021-06-01T19:49:09.688] [INFO] app - Listening on port 1001
[2021-06-01T22:00:45.974] [INFO] app - Listening on port 1001
[2021-06-01T22:03:31.264] [INFO] app - Listening on port 1001
[2021-06-14T20:51:00.510] [INFO] app - Listening on port 1001
[2021-06-14T21:28:26.466] [INFO] app - Listening on port 1001
